<?xml version="1.0" encoding="UTF-8"?>
<!-- Generated by org.testng.reporters.JUnitXMLReporter -->
<testsuite hostname="User-PC" ignored="3" name="Default test" tests="1" failures="0" timestamp="23 Apr 2020 03:16:19 GMT" time="37.315" errors="0">
  <testcase name="testPayment" time="37.292" classname="seleniumproject.NewTest"/>
  <testcase name="testLogin" time="0.0" classname="seleniumproject.NewTest">
    <ignored/>
  </testcase> <!-- testLogin -->
  <testcase name="testCart" time="0.0" classname="seleniumproject.NewTest">
    <ignored/>
  </testcase> <!-- testCart -->
  <testcase name="f" time="0.0" classname="seleniumproject.NewTest">
    <ignored/>
  </testcase> <!-- f -->
</testsuite> <!-- Default test -->
